0 info it worked if it ends with ok
1 verbose cli [ 'D:\\Dev\\nodejs\\node.exe',
1 verbose cli   'D:\\Dev\\nodejs\\node_modules\\npm\\bin\\npm-cli.js',
1 verbose cli   'start' ]
2 info using npm@3.10.8
3 info using node@v6.9.1
4 verbose run-script [ 'prestart', 'start', 'poststart' ]
5 info lifecycle react-es5@1.0.0~prestart: react-es5@1.0.0
6 silly lifecycle react-es5@1.0.0~prestart: no script for prestart, continuing
7 info lifecycle react-es5@1.0.0~start: react-es5@1.0.0
8 verbose lifecycle react-es5@1.0.0~start: unsafe-perm in lifecycle true
9 verbose lifecycle react-es5@1.0.0~start: PATH: D:\Dev\nodejs\node_modules\npm\bin\node-gyp-bin;D:\important_github\logan\tutorials\react\react-es5-vs-es6\react-es5\node_modules\.bin;D:\Dev\Java\jdk1.8.0_65\bin;C:\Program Files\ImageMagick-7.0.4-Q16;C:\ProgramData\Oracle\Java\javapath;D:\Dev\apache\apache-maven-3.3.9\bin;C:\Windows\system32;C:\Windows;C:\Windows\System32\Wbem;C:\Windows\System32\WindowsPowerShell\v1.0\;C:\Program Files\TortoiseSVN\bin;C:\Program Files\MySQL\MySQL Server 5.5\bin;C:\Program Files (x86)\Git\cmd;C:\Program Files\TortoiseGit\bin;D:\Dev\memcached;C:\Program Files (x86)\WinSCP\;D:\Dev\apache\apache-ant-1.9.6\bin;D:\Dev\apache\apache-activemq-5.11.1\bin;D:\Dev\sqlite-3081101;C:\Program Files\Redis\;D:\Dev\gradle-2.10\bin;D:\Dev\apache\apache-geode-1.0.0-incubating.M2\bin;C:\Program Files (x86)\sbt\\bin;C:\Program Files (x86)\Windows Kits\8.1\Windows Performance Toolkit\;C:\Program Files\MySQL\MySQL Server 5.6\bin;D:\Dev\nodejs\;C:\OpenSSL-Win64\bin;D:\Dev\apache\axis2-1.6.3\bin;C:\Windows\system32\config\systemprofile\.dnx\bin;C:\Program Files\Microsoft DNX\Dnvm\;C:\Program Files\Microsoft SQL Server\130\Tools\Binn\;C:\Users\Logan\AppData\Roaming\npm
10 verbose lifecycle react-es5@1.0.0~start: CWD: D:\important_github\logan\tutorials\react\react-es5-vs-es6\react-es5
11 silly lifecycle react-es5@1.0.0~start: Args: [ '/d /s /c', 'webpack & webpack-dev-server' ]
12 silly lifecycle react-es5@1.0.0~start: Returned: code: 3221225786  signal: null
13 info lifecycle react-es5@1.0.0~start: Failed to exec start script
14 verbose stack Error: react-es5@1.0.0 start: `webpack & webpack-dev-server`
14 verbose stack Exit status 3221225786
14 verbose stack     at EventEmitter.<anonymous> (D:\Dev\nodejs\node_modules\npm\lib\utils\lifecycle.js:255:16)
14 verbose stack     at emitTwo (events.js:106:13)
14 verbose stack     at EventEmitter.emit (events.js:191:7)
14 verbose stack     at ChildProcess.<anonymous> (D:\Dev\nodejs\node_modules\npm\lib\utils\spawn.js:40:14)
14 verbose stack     at emitTwo (events.js:106:13)
14 verbose stack     at ChildProcess.emit (events.js:191:7)
14 verbose stack     at maybeClose (internal/child_process.js:877:16)
14 verbose stack     at Process.ChildProcess._handle.onexit (internal/child_process.js:226:5)
15 verbose pkgid react-es5@1.0.0
16 verbose cwd D:\important_github\logan\tutorials\react\react-es5-vs-es6\react-es5
17 error Windows_NT 6.1.7601
18 error argv "D:\\Dev\\nodejs\\node.exe" "D:\\Dev\\nodejs\\node_modules\\npm\\bin\\npm-cli.js" "start"
19 error node v6.9.1
20 error npm  v3.10.8
21 error code ELIFECYCLE
22 error react-es5@1.0.0 start: `webpack & webpack-dev-server`
22 error Exit status 3221225786
23 error Failed at the react-es5@1.0.0 start script 'webpack & webpack-dev-server'.
23 error Make sure you have the latest version of node.js and npm installed.
23 error If you do, this is most likely a problem with the react-es5 package,
23 error not with npm itself.
23 error Tell the author that this fails on your system:
23 error     webpack & webpack-dev-server
23 error You can get information on how to open an issue for this project with:
23 error     npm bugs react-es5
23 error Or if that isn't available, you can get their info via:
23 error     npm owner ls react-es5
23 error There is likely additional logging output above.
24 verbose exit [ 1, true ]
